
          -------------------------------------------------------
          Amber 16 SANDER                              2016
          -------------------------------------------------------

| Run on 10/09/2019 at 20:17:18

|   Executable path: /home/ngora/amber16/bin/sander
| Working directory: /home/ngora/Documents/mini-proj/MD
|          Hostname: Unknown
  [-O]verwriting output

File Assignments:
|  MDIN: 03_Prod.in                                                            
| MDOUT: 03_Prod.out                                                           
|INPCRD: 02_Heat.ncrst                                                         
|  PARM: 2GIV_ZAFF_solv.prmtop                                                 
|RESTRT: 03_Prod.ncrst                                                         
|  REFC: refc                                                                  
| MDVEL: mdvel                                                                 
| MDFRC: mdfrc                                                                 
|  MDEN: mden                                                                  
| MDCRD: 03_Prod.nc                                                            
|MDINFO: mdinfo                                                                
|  MTMD: mtmd                                                                  
|INPDIP: inpdip                                                                
|RSTDIP: rstdip                                                                
|INPTRA: inptraj                                                               


 Here is the input file:

Production                                                                     
 &cntrl                                                                        
  imin=0,                                                                      
  ntx=5,                                                                       
  irest=1,                                                                     
  nstlim=8000,                                                                 
  dt=0.002,                                                                    
  ntf=2,                                                                       
  ntc=2,                                                                       
  temp0=300.0,                                                                 
  ntpr=100,                                                                    
  ntwx=100,                                                                    
  cut=8.0,                                                                     
  ntb=2,                                                                       
  ntp=1,                                                                       
  ntt=3,                                                                       
  gamma_ln=2.0,                                                                
  ig=-1,                                                                       
 /                                                                             

--------------------------------------------------------------------------------
   1.  RESOURCE   USE: 
--------------------------------------------------------------------------------

| Flags:                                                                        
 getting box info from netcdf restart file
| NetCDF restart box info found
|Largest sphere to fit in unit cell has radius =    34.667
| New format PARM file being parsed.
| Version =    1.000 Date = 10/09/19 Time = 13:03:35
 NATOM  =   36962 NTYPES =      20 NBONH =   36122 MBONA  =     870
 NTHETH =    1854 MTHETA =    1179 NPHIH =    3730 MPHIA  =    3525
 NHPARM =       0 NPARM  =       0 NNB   =   56263 NRES   =   11871
 NBONA  =     870 NTHETA =    1179 NPHIA =    3525 NUMBND =      74
 NUMANG =     171 NPTRA  =     179 NATYP =      39 NPHB   =       1
 IFBOX  =       1 NMXRS  =      24 IFCAP =       0 NEXTRA =       0
 NCOPY  =       0


|     Memory Use     Allocated
|     Real             2528053
|     Hollerith         122759
|     Integer          1208930
|     Max Pairs       12320666
|     nblistReal        443544
|     nblist Int       1911176
|       Total            84010 kbytes

| Note: 1-4 EEL scale factors are being read from the topology file.

| Note: 1-4 VDW scale factors are being read from the topology file.
| Duplicated    0 dihedrals
| Duplicated    0 dihedrals

     BOX TYPE: RECTILINEAR
Note: ig = -1. Setting random seed to    30841 based on wallclock time in microseconds.

--------------------------------------------------------------------------------
   2.  CONTROL  DATA  FOR  THE  RUN
--------------------------------------------------------------------------------

default_name                                                                    

General flags:
     imin    =       0, nmropt  =       0

Nature and format of input:
     ntx     =       5, irest   =       1, ntrx    =       1

Nature and format of output:
     ntxo    =       2, ntpr    =     100, ntrx    =       1, ntwr    =    8000
     iwrap   =       0, ntwx    =     100, ntwv    =       0, ntwe    =       0
     ioutfm  =       1, ntwprt  =       0, idecomp =       0, rbornstat=      0

Potential function:
     ntf     =       2, ntb     =       2, igb     =       0, nsnb    =      25
     ipol    =       0, gbsa    =       0, iesp    =       0
     dielc   =   1.00000, cut     =   8.00000, intdiel =   1.00000

Frozen or restrained atoms:
     ibelly  =       0, ntr     =       0

Molecular dynamics:
     nstlim  =      8000, nscm    =      1000, nrespa  =         1
     t       =   0.00000, dt      =   0.00200, vlimit  =  20.00000

Langevin dynamics temperature regulation:
     ig      =   30841
     temp0   = 300.00000, tempi   =   0.00000, gamma_ln=   2.00000

Pressure regulation:
     ntp     =       1
     pres0   =   1.00000, comp    =  44.60000, taup    =   1.00000

SHAKE:
     ntc     =       2, jfastw  =       0
     tol     =   0.00001

Ewald parameters:
     verbose =       0, ew_type =       0, nbflag  =       1, use_pme =       1
     vdwmeth =       1, eedmeth =       1, netfrc  =       1
     Box X =   79.094   Box Y =   69.334   Box Z =   84.508
     Alpha =   90.000   Beta  =   90.000   Gamma =   90.000
     NFFT1 =   80       NFFT2 =   72       NFFT3 =   90
     Cutoff=    8.000   Tol   =0.100E-04
     Ewald Coefficient =  0.34864
     Interpolation order =    4
|  INFO: Old style inpcrd file read


--------------------------------------------------------------------------------
   3.  ATOMIC COORDINATES AND VELOCITIES
--------------------------------------------------------------------------------

default_name                                                                    
 begin time read from input coords =    20.000 ps

 Number of triangulated 3-point waters found:    11771

     Sum of charges from parm topology file =   0.00001993
     Forcing neutrality...

--------------------------------------------------------------------------------
   4.  RESULTS
--------------------------------------------------------------------------------

|  # of SOLUTE  degrees of freedom (RNDFP):   74764.
|  # of SOLVENT degrees of freedom (RNDFS):       0.
|  NDFMIN =   74764.     NUM_NOSHAKE =      0     CORRECTED RNDFP =   74764.
|  TOTAL # of degrees of freedom (RNDF) =   74764.
 ---------------------------------------------------
 APPROXIMATING switch and d/dx switch using CUBIC SPLINE INTERPOLATION
 using   5000.0 points per unit in tabled values
 TESTING RELATIVE ERROR over r ranging from 0.0 to cutoff
| CHECK switch(x): max rel err =   0.2738E-14   at   2.422500
| CHECK d/dx switch(x): max rel err =   0.8332E-11   at   2.782960
 ---------------------------------------------------
| Local SIZE OF NONBOND LIST =    6673414
| TOTAL SIZE OF NONBOND LIST =    6673414

 NSTEP =      100   TIME(PS) =      20.200  TEMP(K) =   298.64  PRESS =  -432.7
 Etot   =    -89260.3036  EKtot   =     22184.8147  EPtot      =   -111445.1182
 BOND   =       315.5497  ANGLE   =       863.9567  DIHED      =      1260.2082
 1-4 NB =       366.2115  1-4 EEL =      5362.4369  VDWAALS    =     15691.2359
 EELEC  =   -135304.7172  EHBOND  =         0.0000  RESTRAINT  =         0.0000
 EKCMT  =     10500.1919  VIRIAL  =     14811.0165  VOLUME     =    461462.0717
                                                    Density    =         0.8062
 Ewald error estimate:   0.4201E-04
 ------------------------------------------------------------------------------


 NSTEP =      200   TIME(PS) =      20.400  TEMP(K) =   298.64  PRESS =  -353.4
 Etot   =    -89434.9167  EKtot   =     22184.5128  EPtot      =   -111619.4296
 BOND   =       330.4398  ANGLE   =       866.8464  DIHED      =      1263.9536
 1-4 NB =       381.4951  1-4 EEL =      5361.2185  VDWAALS    =     15756.3240
 EELEC  =   -135579.7069  EHBOND  =         0.0000  RESTRAINT  =         0.0000
 EKCMT  =     10589.7874  VIRIAL  =     14099.5424  VOLUME     =    459915.0121
                                                    Density    =         0.8089
 Ewald error estimate:   0.9937E-04
 ------------------------------------------------------------------------------


 NSTEP =      300   TIME(PS) =      20.600  TEMP(K) =   299.68  PRESS =  -383.5
 Etot   =    -89337.5457  EKtot   =     22261.5317  EPtot      =   -111599.0774
 BOND   =       298.8359  ANGLE   =       896.9309  DIHED      =      1269.2801
 1-4 NB =       383.2047  1-4 EEL =      5379.0394  VDWAALS    =     15747.7732
 EELEC  =   -135574.1417  EHBOND  =         0.0000  RESTRAINT  =         0.0000
 EKCMT  =     10538.1929  VIRIAL  =     14333.4136  VOLUME     =    458318.5725
                                                    Density    =         0.8117
 Ewald error estimate:   0.3075E-04
 ------------------------------------------------------------------------------


 NSTEP =      400   TIME(PS) =      20.800  TEMP(K) =   299.14  PRESS =  -330.7
 Etot   =    -89337.7995  EKtot   =     22221.5253  EPtot      =   -111559.3248
 BOND   =       331.6426  ANGLE   =       894.6836  DIHED      =      1271.2063
 1-4 NB =       372.4857  1-4 EEL =      5336.4917  VDWAALS    =     15724.0385
 EELEC  =   -135489.8733  EHBOND  =         0.0000  RESTRAINT  =         0.0000
 EKCMT  =     10567.5261  VIRIAL  =     13827.1836  VOLUME     =    456501.8314
                                                    Density    =         0.8150
 Ewald error estimate:   0.7935E-04
 ------------------------------------------------------------------------------


 NSTEP =      500   TIME(PS) =      21.000  TEMP(K) =   299.75  PRESS =  -582.2
 Etot   =    -89427.2958  EKtot   =     22266.8328  EPtot      =   -111694.1286
 BOND   =       322.0618  ANGLE   =       902.3112  DIHED      =      1261.9424
 1-4 NB =       374.1651  1-4 EEL =      5319.1818  VDWAALS    =     15263.6599
 EELEC  =   -135137.4508  EHBOND  =         0.0000  RESTRAINT  =         0.0000
 EKCMT  =     10523.6699  VIRIAL  =     16240.1495  VOLUME     =    454747.0525
                                                    Density    =         0.8181
 Ewald error estimate:   0.9314E-04
 ------------------------------------------------------------------------------


 NSTEP =      600   TIME(PS) =      21.200  TEMP(K) =   297.03  PRESS =  -434.9
 Etot   =    -89463.6350  EKtot   =     22064.5708  EPtot      =   -111528.2059
 BOND   =       336.3765  ANGLE   =       906.9265  DIHED      =      1270.8473
 1-4 NB =       369.8711  1-4 EEL =      5351.6334  VDWAALS    =     15514.1680
 EELEC  =   -135278.0286  EHBOND  =         0.0000  RESTRAINT  =         0.0000
 EKCMT  =     10392.1526  VIRIAL  =     14644.9992  VOLUME     =    452937.5281
                                                    Density    =         0.8214
 Ewald error estimate:   0.7471E-04
 ------------------------------------------------------------------------------


 NSTEP =      700   TIME(PS) =      21.400  TEMP(K) =   300.13  PRESS =  -494.2
 Etot   =    -89540.6083  EKtot   =     22294.8642  EPtot      =   -111835.4725
 BOND   =       318.0781  ANGLE   =       867.8737  DIHED      =      1252.7105
 1-4 NB =       374.0461  1-4 EEL =      5354.2734  VDWAALS    =     15528.0874
 EELEC  =   -135530.5416  EHBOND  =         0.0000  RESTRAINT  =         0.0000
 EKCMT  =     10622.1640  VIRIAL  =     15434.8592  VOLUME     =    451034.4865
                                                    Density    =         0.8249
 Ewald error estimate:   0.9756E-04
 ------------------------------------------------------------------------------


 NSTEP =      800   TIME(PS) =      21.600  TEMP(K) =   300.97  PRESS =  -301.9
 Etot   =    -89652.0940  EKtot   =     22357.9573  EPtot      =   -112010.0513
 BOND   =       332.3752  ANGLE   =       892.8870  DIHED      =      1225.8947
 1-4 NB =       371.9046  1-4 EEL =      5347.7182  VDWAALS    =     15656.5807
 EELEC  =   -135837.4116  EHBOND  =         0.0000  RESTRAINT  =         0.0000
 EKCMT  =     10638.8762  VIRIAL  =     13567.4699  VOLUME     =    449334.5911
                                                    Density    =         0.8280
 Ewald error estimate:   0.8253E-04
 ------------------------------------------------------------------------------


 NSTEP =      900   TIME(PS) =      21.800  TEMP(K) =   298.43  PRESS =  -260.1
 Etot   =    -89687.0835  EKtot   =     22169.0489  EPtot      =   -111856.1323
 BOND   =       319.0859  ANGLE   =       854.5730  DIHED      =      1255.6535
 1-4 NB =       363.2600  1-4 EEL =      5370.0956  VDWAALS    =     15765.4774
 EELEC  =   -135784.2776  EHBOND  =         0.0000  RESTRAINT  =         0.0000
 EKCMT  =     10522.4375  VIRIAL  =     13038.7424  VOLUME     =    448073.7910
                                                    Density    =         0.8303
 Ewald error estimate:   0.4957E-04
 ------------------------------------------------------------------------------


 NSTEP =     1000   TIME(PS) =      22.000  TEMP(K) =   300.35  PRESS =  -296.0
 Etot   =    -89725.7946  EKtot   =     22311.4892  EPtot      =   -112037.2838
 BOND   =       306.3706  ANGLE   =       864.3461  DIHED      =      1284.0780
 1-4 NB =       382.5600  1-4 EEL =      5362.2977  VDWAALS    =     15598.3030
 EELEC  =   -135835.2391  EHBOND  =         0.0000  RESTRAINT  =         0.0000
 EKCMT  =     10597.1209  VIRIAL  =     13450.6350  VOLUME     =    446529.1558
                                                    Density    =         0.8332
 Ewald error estimate:   0.3202E-04
 ------------------------------------------------------------------------------


 NSTEP =     1100   TIME(PS) =      22.200  TEMP(K) =   300.04  PRESS =  -355.2
 Etot   =    -89891.5748  EKtot   =     22288.4784  EPtot      =   -112180.0532
 BOND   =       305.7547  ANGLE   =       872.6144  DIHED      =      1295.5680
 1-4 NB =       382.5840  1-4 EEL =      5350.6614  VDWAALS    =     15483.6371
 EELEC  =   -135870.8729  EHBOND  =         0.0000  RESTRAINT  =         0.0000
 EKCMT  =     10614.1285  VIRIAL  =     14028.1639  VOLUME     =    445116.1362
                                                    Density    =         0.8358
 Ewald error estimate:   0.6916E-04
 ------------------------------------------------------------------------------


 NSTEP =     1200   TIME(PS) =      22.400  TEMP(K) =   298.91  PRESS =  -280.3
 Etot   =    -89988.0024  EKtot   =     22204.7679  EPtot      =   -112192.7703
 BOND   =       300.7055  ANGLE   =       880.7493  DIHED      =      1244.8997
 1-4 NB =       369.8941  1-4 EEL =      5366.7667  VDWAALS    =     15796.5281
 EELEC  =   -136152.3137  EHBOND  =         0.0000  RESTRAINT  =         0.0000
 EKCMT  =     10545.9745  VIRIAL  =     13231.3554  VOLUME     =    443771.6084
                                                    Density    =         0.8384
 Ewald error estimate:   0.4895E-04
 ------------------------------------------------------------------------------


 NSTEP =     1300   TIME(PS) =      22.600  TEMP(K) =   299.85  PRESS =  -371.6
 Etot   =    -90077.9031  EKtot   =     22274.1118  EPtot      =   -112352.0149
 BOND   =       314.5803  ANGLE   =       844.9851  DIHED      =      1274.1514
 1-4 NB =       381.9492  1-4 EEL =      5395.5242  VDWAALS    =     15733.6618
 EELEC  =   -136296.8669  EHBOND  =         0.0000  RESTRAINT  =         0.0000
 EKCMT  =     10571.5859  VIRIAL  =     14121.9680  VOLUME     =    442506.7209
                                                    Density    =         0.8408
 Ewald error estimate:   0.4281E-04
 ------------------------------------------------------------------------------


 NSTEP =     1400   TIME(PS) =      22.800  TEMP(K) =   299.37  PRESS =  -247.4
 Etot   =    -90092.8936  EKtot   =     22238.4542  EPtot      =   -112331.3478
 BOND   =       316.7346  ANGLE   =       886.1909  DIHED      =      1251.4403
 1-4 NB =       373.3017  1-4 EEL =      5318.8988  VDWAALS    =     15716.4900
 EELEC  =   -136194.4041  EHBOND  =         0.0000  RESTRAINT  =         0.0000
 EKCMT  =     10502.9015  VIRIAL  =     12860.2345  VOLUME     =    441267.4131
                                                    Density    =         0.8431
 Ewald error estimate:   0.2481E-04
 ------------------------------------------------------------------------------


 NSTEP =     1500   TIME(PS) =      23.000  TEMP(K) =   300.70  PRESS =  -350.3
 Etot   =    -90045.1220  EKtot   =     22337.9141  EPtot      =   -112383.0361
 BOND   =       314.6946  ANGLE   =       922.8561  DIHED      =      1267.2052
 1-4 NB =       376.1505  1-4 EEL =      5343.0367  VDWAALS    =     15686.6452
 EELEC  =   -136293.6245  EHBOND  =         0.0000  RESTRAINT  =         0.0000
 EKCMT  =     10623.8984  VIRIAL  =     13951.4553  VOLUME     =    439926.2612
                                                    Density    =         0.8457
 Ewald error estimate:   0.1528E-04
 ------------------------------------------------------------------------------


 NSTEP =     1600   TIME(PS) =      23.200  TEMP(K) =   298.26  PRESS =  -276.5
 Etot   =    -90381.8528  EKtot   =     22156.3619  EPtot      =   -112538.2147
 BOND   =       327.2025  ANGLE   =       896.7571  DIHED      =      1243.8744
 1-4 NB =       369.7216  1-4 EEL =      5347.3062  VDWAALS    =     15712.6383
 EELEC  =   -136435.7148  EHBOND  =         0.0000  RESTRAINT  =         0.0000
 EKCMT  =     10425.0753  VIRIAL  =     13043.8626  VOLUME     =    438698.9153
                                                    Density    =         0.8481
 Ewald error estimate:   0.2895E-04
 ------------------------------------------------------------------------------


 NSTEP =     1700   TIME(PS) =      23.400  TEMP(K) =   298.18  PRESS =  -273.1
 Etot   =    -90331.5536  EKtot   =     22150.3608  EPtot      =   -112481.9144
 BOND   =       333.1409  ANGLE   =       855.3723  DIHED      =      1238.2769
 1-4 NB =       369.4681  1-4 EEL =      5331.0644  VDWAALS    =     15739.1787
 EELEC  =   -136348.4156  EHBOND  =         0.0000  RESTRAINT  =         0.0000
 EKCMT  =     10561.9763  VIRIAL  =     13141.4999  VOLUME     =    437406.0730
                                                    Density    =         0.8506
 Ewald error estimate:   0.1805E-04
 ------------------------------------------------------------------------------


 NSTEP =     1800   TIME(PS) =      23.600  TEMP(K) =   300.34  PRESS =  -443.7
 Etot   =    -90230.8775  EKtot   =     22310.5448  EPtot      =   -112541.4223
 BOND   =       348.3193  ANGLE   =       903.8164  DIHED      =      1253.4613
 1-4 NB =       371.4460  1-4 EEL =      5338.0725  VDWAALS    =     15500.6769
 EELEC  =   -136257.2148  EHBOND  =         0.0000  RESTRAINT  =         0.0000
 EKCMT  =     10623.1740  VIRIAL  =     14802.5588  VOLUME     =    436236.3318
                                                    Density    =         0.8528
 Ewald error estimate:   0.1202E-04
 ------------------------------------------------------------------------------


 NSTEP =     1900   TIME(PS) =      23.800  TEMP(K) =   299.43  PRESS =  -356.1
 Etot   =    -90427.3529  EKtot   =     22243.4066  EPtot      =   -112670.7595
 BOND   =       318.8974  ANGLE   =       882.5650  DIHED      =      1254.7313
 1-4 NB =       375.4216  1-4 EEL =      5341.8891  VDWAALS    =     15734.3043
 EELEC  =   -136578.5681  EHBOND  =         0.0000  RESTRAINT  =         0.0000
 EKCMT  =     10512.7475  VIRIAL  =     13857.6576  VOLUME     =    435093.7017
                                                    Density    =         0.8551
 Ewald error estimate:   0.2177E-04
 ------------------------------------------------------------------------------


 NSTEP =     2000   TIME(PS) =      24.000  TEMP(K) =   298.52  PRESS =  -266.6
 Etot   =    -90489.1975  EKtot   =     22175.6320  EPtot      =   -112664.8295
 BOND   =       329.5787  ANGLE   =       893.7215  DIHED      =      1251.1352
 1-4 NB =       372.6562  1-4 EEL =      5296.1027  VDWAALS    =     15713.3119
 EELEC  =   -136521.3358  EHBOND  =         0.0000  RESTRAINT  =         0.0000
 EKCMT  =     10504.7435  VIRIAL  =     13002.0752  VOLUME     =    433874.3148
                                                    Density    =         0.8575
 Ewald error estimate:   0.4664E-05
 ------------------------------------------------------------------------------


 NSTEP =     2100   TIME(PS) =      24.200  TEMP(K) =   301.13  PRESS =  -355.9
 Etot   =    -90382.2611  EKtot   =     22369.6017  EPtot      =   -112751.8628
 BOND   =       307.7715  ANGLE   =       878.1875  DIHED      =      1240.6903
 1-4 NB =       380.9334  1-4 EEL =      5378.8330  VDWAALS    =     15658.4277
 EELEC  =   -136596.7061  EHBOND  =         0.0000  RESTRAINT  =         0.0000
 EKCMT  =     10580.3634  VIRIAL  =     13904.2121  VOLUME     =    432567.2044
                                                    Density    =         0.8601
 Ewald error estimate:   0.4103E-04
 ------------------------------------------------------------------------------


 NSTEP =     2200   TIME(PS) =      24.400  TEMP(K) =   300.85  PRESS =  -310.8
 Etot   =    -90428.6558  EKtot   =     22349.0213  EPtot      =   -112777.6771
 BOND   =       356.1920  ANGLE   =       878.9863  DIHED      =      1237.3028
 1-4 NB =       368.0563  1-4 EEL =      5343.1777  VDWAALS    =     15698.6828
 EELEC  =   -136660.0749  EHBOND  =         0.0000  RESTRAINT  =         0.0000
 EKCMT  =     10622.3023  VIRIAL  =     13518.8617  VOLUME     =    431587.8305
                                                    Density    =         0.8620
 Ewald error estimate:   0.5990E-04
 ------------------------------------------------------------------------------


 NSTEP =     2300   TIME(PS) =      24.600  TEMP(K) =   299.79  PRESS =  -113.7
 Etot   =    -90350.5931  EKtot   =     22270.1581  EPtot      =   -112620.7512
 BOND   =       340.3313  ANGLE   =       893.3888  DIHED      =      1259.1534
 1-4 NB =       377.2259  1-4 EEL =      5344.7631  VDWAALS    =     16081.5327
 EELEC  =   -136917.1464  EHBOND  =         0.0000  RESTRAINT  =         0.0000
 EKCMT  =     10621.7726  VIRIAL  =     11678.9223  VOLUME     =    430437.1393
                                                    Density    =         0.8643
 Ewald error estimate:   0.7477E-04
 ------------------------------------------------------------------------------


 NSTEP =     2400   TIME(PS) =      24.800  TEMP(K) =   300.04  PRESS =   -81.8
 Etot   =    -90181.6451  EKtot   =     22288.7455  EPtot      =   -112470.3906
 BOND   =       319.7215  ANGLE   =       866.2337  DIHED      =      1254.7884
 1-4 NB =       383.6756  1-4 EEL =      5326.7210  VDWAALS    =     15722.8410
 EELEC  =   -136344.3717  EHBOND  =         0.0000  RESTRAINT  =         0.0000
 EKCMT  =     10645.8416  VIRIAL  =     11404.4210  VOLUME     =    429650.9785
                                                    Density    =         0.8659
 Ewald error estimate:   0.7514E-05
 ------------------------------------------------------------------------------


 NSTEP =     2500   TIME(PS) =      25.000  TEMP(K) =   301.96  PRESS =  -173.7
 Etot   =    -90253.1535  EKtot   =     22431.2872  EPtot      =   -112684.4407
 BOND   =       327.5514  ANGLE   =       903.7431  DIHED      =      1248.1494
 1-4 NB =       365.7060  1-4 EEL =      5326.4263  VDWAALS    =     15969.6400
 EELEC  =   -136825.6568  EHBOND  =         0.0000  RESTRAINT  =         0.0000
 EKCMT  =     10625.3370  VIRIAL  =     12233.2217  VOLUME     =    428841.8013
                                                    Density    =         0.8675
 Ewald error estimate:   0.3735E-04
 ------------------------------------------------------------------------------


 NSTEP =     2600   TIME(PS) =      25.200  TEMP(K) =   299.41  PRESS =  -371.9
 Etot   =    -90322.7942  EKtot   =     22241.5713  EPtot      =   -112564.3654
 BOND   =       345.6616  ANGLE   =       849.2076  DIHED      =      1248.0109
 1-4 NB =       374.7989  1-4 EEL =      5345.5086  VDWAALS    =     15537.6309
 EELEC  =   -136265.1841  EHBOND  =         0.0000  RESTRAINT  =         0.0000
 EKCMT  =     10442.8019  VIRIAL  =     13878.6187  VOLUME     =    427838.0254
                                                    Density    =         0.8696
 Ewald error estimate:   0.6922E-05
 ------------------------------------------------------------------------------


 NSTEP =     2700   TIME(PS) =      25.400  TEMP(K) =   299.55  PRESS =  -174.9
 Etot   =    -90344.1393  EKtot   =     22252.5012  EPtot      =   -112596.6406
 BOND   =       341.0908  ANGLE   =       896.2468  DIHED      =      1227.4565
 1-4 NB =       377.3098  1-4 EEL =      5315.8363  VDWAALS    =     15809.6916
 EELEC  =   -136564.2723  EHBOND  =         0.0000  RESTRAINT  =         0.0000
 EKCMT  =     10535.0935  VIRIAL  =     12146.2674  VOLUME     =    426726.3644
                                                    Density    =         0.8718
 Ewald error estimate:   0.5300E-04
 ------------------------------------------------------------------------------


 NSTEP =     2800   TIME(PS) =      25.600  TEMP(K) =   300.94  PRESS =  -292.7
 Etot   =    -90462.9783  EKtot   =     22355.6059  EPtot      =   -112818.5842
 BOND   =       313.9839  ANGLE   =       897.8771  DIHED      =      1238.9160
 1-4 NB =       380.2912  1-4 EEL =      5330.1016  VDWAALS    =     15721.1217
 EELEC  =   -136700.8757  EHBOND  =         0.0000  RESTRAINT  =         0.0000
 EKCMT  =     10632.7963  VIRIAL  =     13323.3085  VOLUME     =    425780.2638
                                                    Density    =         0.8738
 Ewald error estimate:   0.1374E-05
 ------------------------------------------------------------------------------


 NSTEP =     2900   TIME(PS) =      25.800  TEMP(K) =   302.27  PRESS =  -295.4
 Etot   =    -90194.1220  EKtot   =     22453.9561  EPtot      =   -112648.0781
 BOND   =       323.6069  ANGLE   =       881.2668  DIHED      =      1234.9705
 1-4 NB =       370.6111  1-4 EEL =      5365.1742  VDWAALS    =     15547.2496
 EELEC  =   -136370.9571  EHBOND  =         0.0000  RESTRAINT  =         0.0000
 EKCMT  =     10599.8676  VIRIAL  =     13307.6375  VOLUME     =    424582.0976
                                                    Density    =         0.8762
 Ewald error estimate:   0.1308E-03
 ------------------------------------------------------------------------------


 NSTEP =     3000   TIME(PS) =      26.000  TEMP(K) =   302.78  PRESS =  -137.8
 Etot   =    -90053.9217  EKtot   =     22492.0479  EPtot      =   -112545.9696
 BOND   =       333.2436  ANGLE   =       899.0554  DIHED      =      1250.6456
 1-4 NB =       380.5262  1-4 EEL =      5354.5809  VDWAALS    =     15704.1217
 EELEC  =   -136468.1430  EHBOND  =         0.0000  RESTRAINT  =         0.0000
 EKCMT  =     10837.2601  VIRIAL  =     12097.7688  VOLUME     =    423594.1291
                                                    Density    =         0.8783
 Ewald error estimate:   0.1519E-04
 ------------------------------------------------------------------------------


 NSTEP =     3100   TIME(PS) =      26.200  TEMP(K) =   301.78  PRESS =  -286.0
 Etot   =    -90108.6498  EKtot   =     22418.0521  EPtot      =   -112526.7020
 BOND   =       344.6932  ANGLE   =       883.2456  DIHED      =      1248.2793
 1-4 NB =       385.3040  1-4 EEL =      5376.4284  VDWAALS    =     15405.5790
 EELEC  =   -136170.2314  EHBOND  =         0.0000  RESTRAINT  =         0.0000
 EKCMT  =     10641.2654  VIRIAL  =     13250.8756  VOLUME     =    422573.8665
                                                    Density    =         0.8804
 Ewald error estimate:   0.4168E-04
 ------------------------------------------------------------------------------


 NSTEP =     3200   TIME(PS) =      26.400  TEMP(K) =   301.04  PRESS =  -225.8
 Etot   =    -90238.2968  EKtot   =     22362.7774  EPtot      =   -112601.0742
 BOND   =       332.3908  ANGLE   =       896.6771  DIHED      =      1251.5039
 1-4 NB =       366.7359  1-4 EEL =      5380.6799  VDWAALS    =     15366.0263
 EELEC  =   -136195.0879  EHBOND  =         0.0000  RESTRAINT  =         0.0000
 EKCMT  =     10562.8110  VIRIAL  =     12618.4828  VOLUME     =    421621.4077
                                                    Density    =         0.8824
 Ewald error estimate:   0.1411E-04
 ------------------------------------------------------------------------------


 NSTEP =     3300   TIME(PS) =      26.600  TEMP(K) =   299.78  PRESS =  -286.2
 Etot   =    -90440.6644  EKtot   =     22269.2137  EPtot      =   -112709.8781
 BOND   =       309.2465  ANGLE   =       881.9211  DIHED      =      1264.0860
 1-4 NB =       369.3312  1-4 EEL =      5331.9585  VDWAALS    =     15552.9391
 EELEC  =   -136419.3605  EHBOND  =         0.0000  RESTRAINT  =         0.0000
 EKCMT  =     10504.1852  VIRIAL  =     13102.5405  VOLUME     =    420449.5670
                                                    Density    =         0.8849
 Ewald error estimate:   0.3944E-04
 ------------------------------------------------------------------------------


 NSTEP =     3400   TIME(PS) =      26.800  TEMP(K) =   301.86  PRESS =  -299.2
 Etot   =    -90416.5591  EKtot   =     22423.9679  EPtot      =   -112840.5270
 BOND   =       323.3624  ANGLE   =       879.6337  DIHED      =      1243.2497
 1-4 NB =       384.3049  1-4 EEL =      5340.4701  VDWAALS    =     15465.5202
 EELEC  =   -136477.0681  EHBOND  =         0.0000  RESTRAINT  =         0.0000
 EKCMT  =     10646.8538  VIRIAL  =     13356.0459  VOLUME     =    419436.5846
                                                    Density    =         0.8870
 Ewald error estimate:   0.5729E-04
 ------------------------------------------------------------------------------


 NSTEP =     3500   TIME(PS) =      27.000  TEMP(K) =   300.60  PRESS =  -130.9
 Etot   =    -90584.5134  EKtot   =     22329.7649  EPtot      =   -112914.2783
 BOND   =       315.8564  ANGLE   =       883.2563  DIHED      =      1244.9453
 1-4 NB =       373.4565  1-4 EEL =      5346.1542  VDWAALS    =     15729.1003
 EELEC  =   -136807.0472  EHBOND  =         0.0000  RESTRAINT  =         0.0000
 EKCMT  =     10500.8186  VIRIAL  =     11682.5004  VOLUME     =    418200.0483
                                                    Density    =         0.8896
 Ewald error estimate:   0.8050E-04
 ------------------------------------------------------------------------------


 NSTEP =     3600   TIME(PS) =      27.200  TEMP(K) =   302.95  PRESS =  -390.4
 Etot   =    -90515.1684  EKtot   =     22504.4787  EPtot      =   -113019.6472
 BOND   =       311.8778  ANGLE   =       877.9281  DIHED      =      1227.6984
 1-4 NB =       401.6833  1-4 EEL =      5344.6542  VDWAALS    =     15559.3227
 EELEC  =   -136742.8118  EHBOND  =         0.0000  RESTRAINT  =         0.0000
 EKCMT  =     10676.5744  VIRIAL  =     14196.3249  VOLUME     =    417523.4389
                                                    Density    =         0.8911
 Ewald error estimate:   0.6082E-04
 ------------------------------------------------------------------------------


 NSTEP =     3700   TIME(PS) =      27.400  TEMP(K) =   301.24  PRESS =  -181.7
 Etot   =    -90689.3367  EKtot   =     22377.9678  EPtot      =   -113067.3046
 BOND   =       320.1176  ANGLE   =       854.4207  DIHED      =      1250.9252
 1-4 NB =       376.3325  1-4 EEL =      5348.3801  VDWAALS    =     15833.2113
 EELEC  =   -137050.6919  EHBOND  =         0.0000  RESTRAINT  =         0.0000
 EKCMT  =     10580.3549  VIRIAL  =     12215.2528  VOLUME     =    416685.1314
                                                    Density    =         0.8929
 Ewald error estimate:   0.2539E-04
 ------------------------------------------------------------------------------


 NSTEP =     3800   TIME(PS) =      27.600  TEMP(K) =   300.98  PRESS =  -246.7
 Etot   =    -90719.2676  EKtot   =     22358.5915  EPtot      =   -113077.8591
 BOND   =       320.7224  ANGLE   =       855.1269  DIHED      =      1224.7033
 1-4 NB =       373.5980  1-4 EEL =      5337.1810  VDWAALS    =     15496.4499
 EELEC  =   -136685.6406  EHBOND  =         0.0000  RESTRAINT  =         0.0000
 EKCMT  =     10615.0097  VIRIAL  =     12831.6090  VOLUME     =    416068.2111
                                                    Density    =         0.8942
 Ewald error estimate:   0.3653E-04
 ------------------------------------------------------------------------------


 NSTEP =     3900   TIME(PS) =      27.800  TEMP(K) =   300.29  PRESS =  -134.2
 Etot   =    -90711.1817  EKtot   =     22307.0195  EPtot      =   -113018.2013
 BOND   =       314.2703  ANGLE   =       877.8793  DIHED      =      1266.1602
 1-4 NB =       373.2742  1-4 EEL =      5368.0615  VDWAALS    =     15700.9320
 EELEC  =   -136918.7788  EHBOND  =         0.0000  RESTRAINT  =         0.0000
 EKCMT  =     10668.7989  VIRIAL  =     11871.9109  VOLUME     =    415093.9833
                                                    Density    =         0.8963
 Ewald error estimate:   0.6832E-05
 ------------------------------------------------------------------------------


 NSTEP =     4000   TIME(PS) =      28.000  TEMP(K) =   301.38  PRESS =  -160.5
 Etot   =    -90678.7506  EKtot   =     22388.0430  EPtot      =   -113066.7936
 BOND   =       328.0617  ANGLE   =       883.5377  DIHED      =      1244.5930
 1-4 NB =       385.3305  1-4 EEL =      5372.3549  VDWAALS    =     15769.6947
 EELEC  =   -137050.3662  EHBOND  =         0.0000  RESTRAINT  =         0.0000
 EKCMT  =     10648.0643  VIRIAL  =     12084.5967  VOLUME     =    414419.8218
                                                    Density    =         0.8977
 Ewald error estimate:   0.4101E-04
 ------------------------------------------------------------------------------


 NSTEP =     4100   TIME(PS) =      28.200  TEMP(K) =   297.17  PRESS =  -264.4
 Etot   =    -90852.2020  EKtot   =     22075.6310  EPtot      =   -112927.8330
 BOND   =       331.5069  ANGLE   =       942.6492  DIHED      =      1242.2758
 1-4 NB =       377.8926  1-4 EEL =      5363.2024  VDWAALS    =     15689.6896
 EELEC  =   -136875.0495  EHBOND  =         0.0000  RESTRAINT  =         0.0000
 EKCMT  =     10397.6394  VIRIAL  =     12759.4151  VOLUME     =    413696.1079
                                                    Density    =         0.8993
 Ewald error estimate:   0.2648E-04
 ------------------------------------------------------------------------------


 NSTEP =     4200   TIME(PS) =      28.400  TEMP(K) =   299.27  PRESS =  -131.1
 Etot   =    -90780.0451  EKtot   =     22231.0695  EPtot      =   -113011.1146
 BOND   =       346.4776  ANGLE   =       863.2397  DIHED      =      1245.5993
 1-4 NB =       377.5413  1-4 EEL =      5361.8597  VDWAALS    =     15662.0509
 EELEC  =   -136867.8831  EHBOND  =         0.0000  RESTRAINT  =         0.0000
 EKCMT  =     10477.5758  VIRIAL  =     11645.7638  VOLUME     =    412797.5308
                                                    Density    =         0.9013
 Ewald error estimate:   0.1129E-03
 ------------------------------------------------------------------------------


 NSTEP =     4300   TIME(PS) =      28.600  TEMP(K) =   302.23  PRESS =   -99.5
 Etot   =    -90651.7583  EKtot   =     22450.9244  EPtot      =   -113102.6827
 BOND   =       313.5778  ANGLE   =       898.7276  DIHED      =      1222.2413
 1-4 NB =       372.4857  1-4 EEL =      5355.0579  VDWAALS    =     15742.0737
 EELEC  =   -137006.8466  EHBOND  =         0.0000  RESTRAINT  =         0.0000
 EKCMT  =     10616.6785  VIRIAL  =     11501.2394  VOLUME     =    411861.2176
                                                    Density    =         0.9033
 Ewald error estimate:   0.2310E-04
 ------------------------------------------------------------------------------


 NSTEP =     4400   TIME(PS) =      28.800  TEMP(K) =   300.86  PRESS =  -226.8
 Etot   =    -90816.5939  EKtot   =     22349.6279  EPtot      =   -113166.2218
 BOND   =       308.5650  ANGLE   =       944.5033  DIHED      =      1246.1455
 1-4 NB =       366.9340  1-4 EEL =      5341.4988  VDWAALS    =     15667.8525
 EELEC  =   -137041.7210  EHBOND  =         0.0000  RESTRAINT  =         0.0000
 EKCMT  =     10673.4505  VIRIAL  =     12686.2090  VOLUME     =    411026.5052
                                                    Density    =         0.9051
 Ewald error estimate:   0.1182E-04
 ------------------------------------------------------------------------------


 NSTEP =     4500   TIME(PS) =      29.000  TEMP(K) =   301.19  PRESS =  -257.4
 Etot   =    -90806.4178  EKtot   =     22373.6977  EPtot      =   -113180.1155
 BOND   =       339.2046  ANGLE   =       864.5840  DIHED      =      1255.8641
 1-4 NB =       371.9468  1-4 EEL =      5330.9620  VDWAALS    =     15679.4793
 EELEC  =   -137022.1563  EHBOND  =         0.0000  RESTRAINT  =         0.0000
 EKCMT  =     10630.3315  VIRIAL  =     12909.2946  VOLUME     =    410125.3034
                                                    Density    =         0.9071
 Ewald error estimate:   0.4199E-04
 ------------------------------------------------------------------------------


 NSTEP =     4600   TIME(PS) =      29.200  TEMP(K) =   303.20  PRESS =  -250.1
 Etot   =    -90747.7919  EKtot   =     22522.9225  EPtot      =   -113270.7144
 BOND   =       313.0078  ANGLE   =       883.2633  DIHED      =      1238.9906
 1-4 NB =       374.6110  1-4 EEL =      5343.0998  VDWAALS    =     15667.3667
 EELEC  =   -137091.0535  EHBOND  =         0.0000  RESTRAINT  =         0.0000
 EKCMT  =     10741.8934  VIRIAL  =     12951.1560  VOLUME     =    409113.7674
                                                    Density    =         0.9094
 Ewald error estimate:   0.8295E-04
 ------------------------------------------------------------------------------


 NSTEP =     4700   TIME(PS) =      29.400  TEMP(K) =   300.30  PRESS =  -326.6
 Etot   =    -90732.6695  EKtot   =     22307.8706  EPtot      =   -113040.5401
 BOND   =       300.8807  ANGLE   =       882.5323  DIHED      =      1255.0717
 1-4 NB =       364.0699  1-4 EEL =      5348.4663  VDWAALS    =     15616.4299
 EELEC  =   -136807.9910  EHBOND  =         0.0000  RESTRAINT  =         0.0000
 EKCMT  =     10610.8269  VIRIAL  =     13489.4264  VOLUME     =    408186.2713
                                                    Density    =         0.9114
 Ewald error estimate:   0.3321E-04
 ------------------------------------------------------------------------------


 NSTEP =     4800   TIME(PS) =      29.600  TEMP(K) =   302.48  PRESS =  -392.2
 Etot   =    -90713.3745  EKtot   =     22470.0475  EPtot      =   -113183.4220
 BOND   =       319.3826  ANGLE   =       826.1623  DIHED      =      1264.4439
 1-4 NB =       366.2299  1-4 EEL =      5357.6017  VDWAALS    =     15552.7122
 EELEC  =   -136869.9546  EHBOND  =         0.0000  RESTRAINT  =         0.0000
 EKCMT  =     10555.1629  VIRIAL  =     14005.1184  VOLUME     =    407395.9445
                                                    Density    =         0.9132
 Ewald error estimate:   0.3836E-04
 ------------------------------------------------------------------------------


 NSTEP =     4900   TIME(PS) =      29.800  TEMP(K) =   300.66  PRESS =  -175.6
 Etot   =    -90767.2622  EKtot   =     22334.6854  EPtot      =   -113101.9476
 BOND   =       302.6250  ANGLE   =       866.8351  DIHED      =      1261.4409
 1-4 NB =       374.8632  1-4 EEL =      5318.4928  VDWAALS    =     15778.5708
 EELEC  =   -137004.7755  EHBOND  =         0.0000  RESTRAINT  =         0.0000
 EKCMT  =     10556.9086  VIRIAL  =     12098.8727  VOLUME     =    406666.7768
                                                    Density    =         0.9148
 Ewald error estimate:   0.1240E-03
 ------------------------------------------------------------------------------


 NSTEP =     5000   TIME(PS) =      30.000  TEMP(K) =   300.81  PRESS =  -225.9
 Etot   =    -90841.1989  EKtot   =     22346.0763  EPtot      =   -113187.2752
 BOND   =       306.2067  ANGLE   =       885.5648  DIHED      =      1223.5164
 1-4 NB =       371.5189  1-4 EEL =      5337.6999  VDWAALS    =     15560.4688
 EELEC  =   -136872.2507  EHBOND  =         0.0000  RESTRAINT  =         0.0000
 EKCMT  =     10580.9000  VIRIAL  =     12560.6952  VOLUME     =    405994.5383
                                                    Density    =         0.9164
 Ewald error estimate:   0.5767E-05
 ------------------------------------------------------------------------------


 NSTEP =     5100   TIME(PS) =      30.200  TEMP(K) =   299.75  PRESS =  -266.7
 Etot   =    -91048.4833  EKtot   =     22267.0691  EPtot      =   -113315.5524
 BOND   =       287.9351  ANGLE   =       876.3094  DIHED      =      1230.4492
 1-4 NB =       384.9773  1-4 EEL =      5361.8826  VDWAALS    =     15579.2235
 EELEC  =   -137036.3295  EHBOND  =         0.0000  RESTRAINT  =         0.0000
 EKCMT  =     10594.3937  VIRIAL  =     12926.6634  VOLUME     =    405048.1126
                                                    Density    =         0.9185
 Ewald error estimate:   0.1298E-03
 ------------------------------------------------------------------------------


 NSTEP =     5200   TIME(PS) =      30.400  TEMP(K) =   299.65  PRESS =   -94.8
 Etot   =    -90885.3548  EKtot   =     22259.7010  EPtot      =   -113145.0558
 BOND   =       316.4614  ANGLE   =       877.8076  DIHED      =      1278.6419
 1-4 NB =       370.9588  1-4 EEL =      5306.7798  VDWAALS    =     15694.7370
 EELEC  =   -136990.4422  EHBOND  =         0.0000  RESTRAINT  =         0.0000
 EKCMT  =     10640.8347  VIRIAL  =     11467.9906  VOLUME     =    403968.9224
                                                    Density    =         0.9210
 Ewald error estimate:   0.2373E-04
 ------------------------------------------------------------------------------


 NSTEP =     5300   TIME(PS) =      30.600  TEMP(K) =   302.82  PRESS =  -271.7
 Etot   =    -90718.4224  EKtot   =     22494.9986  EPtot      =   -113213.4210
 BOND   =       332.7145  ANGLE   =       883.5374  DIHED      =      1249.6007
 1-4 NB =       383.9177  1-4 EEL =      5356.6534  VDWAALS    =     15575.6279
 EELEC  =   -136995.4726  EHBOND  =         0.0000  RESTRAINT  =         0.0000
 EKCMT  =     10578.7943  VIRIAL  =     12944.6368  VOLUME     =    403230.6044
                                                    Density    =         0.9226
 Ewald error estimate:   0.7251E-04
 ------------------------------------------------------------------------------


 NSTEP =     5400   TIME(PS) =      30.800  TEMP(K) =   303.77  PRESS =  -186.1
 Etot   =    -90759.5383  EKtot   =     22565.9394  EPtot      =   -113325.4777
 BOND   =       347.3574  ANGLE   =       871.6325  DIHED      =      1236.6281
 1-4 NB =       375.5163  1-4 EEL =      5331.8922  VDWAALS    =     15510.1507
 EELEC  =   -136998.6549  EHBOND  =         0.0000  RESTRAINT  =         0.0000
 EKCMT  =     10727.0938  VIRIAL  =     12345.7749  VOLUME     =    402766.1656
                                                    Density    =         0.9237
 Ewald error estimate:   0.1531E-04
 ------------------------------------------------------------------------------


 NSTEP =     5500   TIME(PS) =      31.000  TEMP(K) =   301.31  PRESS =  -153.4
 Etot   =    -90824.3597  EKtot   =     22382.8975  EPtot      =   -113207.2571
 BOND   =       320.9264  ANGLE   =       895.7594  DIHED      =      1253.5002
 1-4 NB =       377.8528  1-4 EEL =      5321.8199  VDWAALS    =     15646.2304
 EELEC  =   -137023.3462  EHBOND  =         0.0000  RESTRAINT  =         0.0000
 EKCMT  =     10641.7186  VIRIAL  =     11974.3777  VOLUME     =    402313.0451
                                                    Density    =         0.9247
 Ewald error estimate:   0.3218E-04
 ------------------------------------------------------------------------------


 NSTEP =     5600   TIME(PS) =      31.200  TEMP(K) =   301.70  PRESS =  -368.6
 Etot   =    -91031.1417  EKtot   =     22412.0650  EPtot      =   -113443.2068
 BOND   =       327.0120  ANGLE   =       889.0525  DIHED      =      1235.9434
 1-4 NB =       362.3533  1-4 EEL =      5303.8408  VDWAALS    =     15312.5024
 EELEC  =   -136873.9111  EHBOND  =         0.0000  RESTRAINT  =         0.0000
 EKCMT  =     10522.1788  VIRIAL  =     13715.7625  VOLUME     =    401264.5051
                                                    Density    =         0.9272
 Ewald error estimate:   0.6406E-04
 ------------------------------------------------------------------------------


 NSTEP =     5700   TIME(PS) =      31.400  TEMP(K) =   300.79  PRESS =  -248.1
 Etot   =    -91251.1786  EKtot   =     22344.5353  EPtot      =   -113595.7140
 BOND   =       320.9553  ANGLE   =       876.9657  DIHED      =      1248.9070
 1-4 NB =       385.5657  1-4 EEL =      5337.4838  VDWAALS    =     15637.0525
 EELEC  =   -137402.6440  EHBOND  =         0.0000  RESTRAINT  =         0.0000
 EKCMT  =     10604.0390  VIRIAL  =     12748.3498  VOLUME     =    400296.5406
                                                    Density    =         0.9294
 Ewald error estimate:   0.2674E-04
 ------------------------------------------------------------------------------


 NSTEP =     5800   TIME(PS) =      31.600  TEMP(K) =   299.01  PRESS =    22.1
 Etot   =    -91387.9718  EKtot   =     22212.2930  EPtot      =   -113600.2648
 BOND   =       318.6328  ANGLE   =       892.7231  DIHED      =      1253.9654
 1-4 NB =       377.9164  1-4 EEL =      5307.8083  VDWAALS    =     15930.9448
 EELEC  =   -137682.2556  EHBOND  =         0.0000  RESTRAINT  =         0.0000
 EKCMT  =     10598.0790  VIRIAL  =     10407.4186  VOLUME     =    399743.7099
                                                    Density    =         0.9307
 Ewald error estimate:   0.2636E-04
 ------------------------------------------------------------------------------


 NSTEP =     5900   TIME(PS) =      31.800  TEMP(K) =   300.59  PRESS =  -154.6
 Etot   =    -91392.6797  EKtot   =     22329.4595  EPtot      =   -113722.1392
 BOND   =       307.1368  ANGLE   =       888.8977  DIHED      =      1244.9218
 1-4 NB =       368.1060  1-4 EEL =      5351.9008  VDWAALS    =     15708.9921
 EELEC  =   -137592.0945  EHBOND  =         0.0000  RESTRAINT  =         0.0000
 EKCMT  =     10541.3125  VIRIAL  =     11874.0373  VOLUME     =    399197.5050
                                                    Density    =         0.9320
 Ewald error estimate:   0.4226E-04
 ------------------------------------------------------------------------------


 NSTEP =     6000   TIME(PS) =      32.000  TEMP(K) =   297.88  PRESS =  -149.9
 Etot   =    -91421.8858  EKtot   =     22127.8519  EPtot      =   -113549.7377
 BOND   =       326.5360  ANGLE   =       884.2305  DIHED      =      1262.7410
 1-4 NB =       374.9543  1-4 EEL =      5342.1005  VDWAALS    =     15595.8025
 EELEC  =   -137336.1025  EHBOND  =         0.0000  RESTRAINT  =         0.0000
 EKCMT  =     10442.9376  VIRIAL  =     11733.8003  VOLUME     =    398711.3261
                                                    Density    =         0.9331
 Ewald error estimate:   0.7228E-04
 ------------------------------------------------------------------------------


 NSTEP =     6100   TIME(PS) =      32.200  TEMP(K) =   300.10  PRESS =  -126.2
 Etot   =    -91483.6608  EKtot   =     22292.6988  EPtot      =   -113776.3595
 BOND   =       316.5596  ANGLE   =       851.9936  DIHED      =      1271.2306
 1-4 NB =       379.7417  1-4 EEL =      5339.7021  VDWAALS    =     15647.5525
 EELEC  =   -137583.1397  EHBOND  =         0.0000  RESTRAINT  =         0.0000
 EKCMT  =     10554.8898  VIRIAL  =     11639.1905  VOLUME     =    397996.9991
                                                    Density    =         0.9348
 Ewald error estimate:   0.6305E-04
 ------------------------------------------------------------------------------


 NSTEP =     6200   TIME(PS) =      32.400  TEMP(K) =   298.03  PRESS =   -73.6
 Etot   =    -91351.0354  EKtot   =     22139.2992  EPtot      =   -113490.3345
 BOND   =       316.3475  ANGLE   =       880.1126  DIHED      =      1272.9032
 1-4 NB =       370.2147  1-4 EEL =      5317.0209  VDWAALS    =     15708.2814
 EELEC  =   -137355.2149  EHBOND  =         0.0000  RESTRAINT  =         0.0000
 EKCMT  =     10461.8788  VIRIAL  =     11092.7101  VOLUME     =    397192.4221
                                                    Density    =         0.9367
 Ewald error estimate:   0.2250E-04
 ------------------------------------------------------------------------------


 NSTEP =     6300   TIME(PS) =      32.600  TEMP(K) =   301.81  PRESS =  -317.9
 Etot   =    -91430.0784  EKtot   =     22420.2789  EPtot      =   -113850.3573
 BOND   =       298.5447  ANGLE   =       878.2280  DIHED      =      1266.5127
 1-4 NB =       370.7189  1-4 EEL =      5341.6368  VDWAALS    =     15503.9815
 EELEC  =   -137509.9799  EHBOND  =         0.0000  RESTRAINT  =         0.0000
 EKCMT  =     10720.7415  VIRIAL  =     13442.3456  VOLUME     =    396455.2379
                                                    Density    =         0.9384
 Ewald error estimate:   0.4190E-04
 ------------------------------------------------------------------------------


 NSTEP =     6400   TIME(PS) =      32.800  TEMP(K) =   301.23  PRESS =   -55.3
 Etot   =    -91330.9818  EKtot   =     22377.1966  EPtot      =   -113708.1784
 BOND   =       332.5944  ANGLE   =       892.7387  DIHED      =      1239.4845
 1-4 NB =       367.0270  1-4 EEL =      5325.4188  VDWAALS    =     15863.5472
 EELEC  =   -137728.9890  EHBOND  =         0.0000  RESTRAINT  =         0.0000
 EKCMT  =     10597.2743  VIRIAL  =     11070.0333  VOLUME     =    396060.7094
                                                    Density    =         0.9393
 Ewald error estimate:   0.1923E-04
 ------------------------------------------------------------------------------


 NSTEP =     6500   TIME(PS) =      33.000  TEMP(K) =   302.42  PRESS =  -156.0
 Etot   =    -91303.5025  EKtot   =     22465.1523  EPtot      =   -113768.6548
 BOND   =       320.6198  ANGLE   =       904.5363  DIHED      =      1253.9451
 1-4 NB =       368.9887  1-4 EEL =      5295.9799  VDWAALS    =     15703.3179
 EELEC  =   -137616.0424  EHBOND  =         0.0000  RESTRAINT  =         0.0000
 EKCMT  =     10697.4251  VIRIAL  =     12029.9476  VOLUME     =    395533.2074
                                                    Density    =         0.9406
 Ewald error estimate:   0.3727E-04
 ------------------------------------------------------------------------------


 NSTEP =     6600   TIME(PS) =      33.200  TEMP(K) =   301.49  PRESS =  -210.1
 Etot   =    -91360.4864  EKtot   =     22396.4664  EPtot      =   -113756.9528
 BOND   =       326.2460  ANGLE   =       916.9074  DIHED      =      1246.6211
 1-4 NB =       373.2748  1-4 EEL =      5353.8082  VDWAALS    =     15638.3343
 EELEC  =   -137612.1448  EHBOND  =         0.0000  RESTRAINT  =         0.0000
 EKCMT  =     10571.6776  VIRIAL  =     12364.4931  VOLUME     =    395139.7248
                                                    Density    =         0.9415
 Ewald error estimate:   0.3403E-04
 ------------------------------------------------------------------------------


 NSTEP =     6700   TIME(PS) =      33.400  TEMP(K) =   300.90  PRESS =  -253.4
 Etot   =    -91407.1314  EKtot   =     22352.4421  EPtot      =   -113759.5735
 BOND   =       337.9977  ANGLE   =       928.0977  DIHED      =      1253.6215
 1-4 NB =       351.7385  1-4 EEL =      5334.9949  VDWAALS    =     15461.4749
 EELEC  =   -137427.4986  EHBOND  =         0.0000  RESTRAINT  =         0.0000
 EKCMT  =     10585.4707  VIRIAL  =     12743.5721  VOLUME     =    394427.3554
                                                    Density    =         0.9432
 Ewald error estimate:   0.1193E-04
 ------------------------------------------------------------------------------


 NSTEP =     6800   TIME(PS) =      33.600  TEMP(K) =   298.07  PRESS =  -201.9
 Etot   =    -91618.1590  EKtot   =     22142.0859  EPtot      =   -113760.2449
 BOND   =       323.0056  ANGLE   =       867.5161  DIHED      =      1273.4849
 1-4 NB =       374.0475  1-4 EEL =      5314.9345  VDWAALS    =     15792.2751
 EELEC  =   -137705.5087  EHBOND  =         0.0000  RESTRAINT  =         0.0000
 EKCMT  =     10400.7327  VIRIAL  =     12117.8737  VOLUME     =    393888.0419
                                                    Density    =         0.9445
 Ewald error estimate:   0.1233E-03
 ------------------------------------------------------------------------------


 NSTEP =     6900   TIME(PS) =      33.800  TEMP(K) =   301.47  PRESS =  -182.4
 Etot   =    -91651.4493  EKtot   =     22394.9399  EPtot      =   -114046.3892
 BOND   =       319.6436  ANGLE   =       885.8986  DIHED      =      1264.1353
 1-4 NB =       379.0107  1-4 EEL =      5367.6243  VDWAALS    =     15680.6365
 EELEC  =   -137943.3381  EHBOND  =         0.0000  RESTRAINT  =         0.0000
 EKCMT  =     10580.3169  VIRIAL  =     12128.8001  VOLUME     =    393094.4511
                                                    Density    =         0.9464
 Ewald error estimate:   0.1185E-03
 ------------------------------------------------------------------------------


 NSTEP =     7000   TIME(PS) =      34.000  TEMP(K) =   298.80  PRESS =  -262.7
 Etot   =    -91733.3829  EKtot   =     22196.1140  EPtot      =   -113929.4969
 BOND   =       333.5803  ANGLE   =       929.8622  DIHED      =      1269.3420
 1-4 NB =       378.3139  1-4 EEL =      5317.1370  VDWAALS    =     15626.0025
 EELEC  =   -137783.7347  EHBOND  =         0.0000  RESTRAINT  =         0.0000
 EKCMT  =     10461.5607  VIRIAL  =     12688.2491  VOLUME     =    392645.7209
                                                    Density    =         0.9475
 Ewald error estimate:   0.4218E-04
 ------------------------------------------------------------------------------


 NSTEP =     7100   TIME(PS) =      34.200  TEMP(K) =   298.81  PRESS =   -14.7
 Etot   =    -91763.7924  EKtot   =     22197.0539  EPtot      =   -113960.8462
 BOND   =       321.9038  ANGLE   =       861.8874  DIHED      =      1261.3351
 1-4 NB =       386.0038  1-4 EEL =      5348.2810  VDWAALS    =     15842.2544
 EELEC  =   -137982.5117  EHBOND  =         0.0000  RESTRAINT  =         0.0000
 EKCMT  =     10468.4105  VIRIAL  =     10592.9404  VOLUME     =    392275.2694
                                                    Density    =         0.9484
 Ewald error estimate:   0.5801E-04
 ------------------------------------------------------------------------------


 NSTEP =     7200   TIME(PS) =      34.400  TEMP(K) =   301.21  PRESS =   -22.2
 Etot   =    -91566.3827  EKtot   =     22375.1284  EPtot      =   -113941.5110
 BOND   =       321.5683  ANGLE   =       931.5760  DIHED      =      1240.4386
 1-4 NB =       369.4111  1-4 EEL =      5354.8176  VDWAALS    =     15907.5734
 EELEC  =   -138066.8959  EHBOND  =         0.0000  RESTRAINT  =         0.0000
 EKCMT  =     10597.8165  VIRIAL  =     10785.2809  VOLUME     =    391857.1526
                                                    Density    =         0.9494
 Ewald error estimate:   0.9409E-04
 ------------------------------------------------------------------------------


 NSTEP =     7300   TIME(PS) =      34.600  TEMP(K) =   298.82  PRESS =  -110.9
 Etot   =    -91569.7139  EKtot   =     22197.9641  EPtot      =   -113767.6780
 BOND   =       303.6923  ANGLE   =       902.5713  DIHED      =      1274.2011
 1-4 NB =       379.6471  1-4 EEL =      5330.0190  VDWAALS    =     15702.3323
 EELEC  =   -137660.1411  EHBOND  =         0.0000  RESTRAINT  =         0.0000
 EKCMT  =     10579.7576  VIRIAL  =     11517.0605  VOLUME     =    391552.3779
                                                    Density    =         0.9502
 Ewald error estimate:   0.1171E-03
 ------------------------------------------------------------------------------


 NSTEP =     7400   TIME(PS) =      34.800  TEMP(K) =   299.75  PRESS =  -234.6
 Etot   =    -91635.8407  EKtot   =     22266.9998  EPtot      =   -113902.8404
 BOND   =       315.7977  ANGLE   =       878.2106  DIHED      =      1233.7633
 1-4 NB =       372.8298  1-4 EEL =      5330.9549  VDWAALS    =     15573.1999
 EELEC  =   -137607.5966  EHBOND  =         0.0000  RESTRAINT  =         0.0000
 EKCMT  =     10701.2702  VIRIAL  =     12680.4536  VOLUME     =    390660.2491
                                                    Density    =         0.9523
 Ewald error estimate:   0.4295E-05
 ------------------------------------------------------------------------------


 NSTEP =     7500   TIME(PS) =      35.000  TEMP(K) =   300.60  PRESS =  -123.3
 Etot   =    -91601.7348  EKtot   =     22329.9226  EPtot      =   -113931.6574
 BOND   =       327.6385  ANGLE   =       884.9438  DIHED      =      1261.2682
 1-4 NB =       374.4100  1-4 EEL =      5363.3005  VDWAALS    =     15794.4557
 EELEC  =   -137937.6741  EHBOND  =         0.0000  RESTRAINT  =         0.0000
 EKCMT  =     10595.5958  VIRIAL  =     11633.8286  VOLUME     =    389914.4179
                                                    Density    =         0.9542
 Ewald error estimate:   0.7925E-04
 ------------------------------------------------------------------------------


 NSTEP =     7600   TIME(PS) =      35.200  TEMP(K) =   300.25  PRESS =  -198.1
 Etot   =    -91553.3545  EKtot   =     22303.9666  EPtot      =   -113857.3211
 BOND   =       322.6492  ANGLE   =       860.6733  DIHED      =      1257.5099
 1-4 NB =       386.4613  1-4 EEL =      5376.3123  VDWAALS    =     15490.9897
 EELEC  =   -137551.9168  EHBOND  =         0.0000  RESTRAINT  =         0.0000
 EKCMT  =     10526.5228  VIRIAL  =     12192.6650  VOLUME     =    389486.7919
                                                    Density    =         0.9552
 Ewald error estimate:   0.1060E-03
 ------------------------------------------------------------------------------


 NSTEP =     7700   TIME(PS) =      35.400  TEMP(K) =   300.45  PRESS =  -134.7
 Etot   =    -91534.3930  EKtot   =     22318.8138  EPtot      =   -113853.2068
 BOND   =       346.0724  ANGLE   =       868.7890  DIHED      =      1270.7792
 1-4 NB =       376.8696  1-4 EEL =      5335.7644  VDWAALS    =     15710.1773
 EELEC  =   -137761.6587  EHBOND  =         0.0000  RESTRAINT  =         0.0000
 EKCMT  =     10643.8418  VIRIAL  =     11775.7120  VOLUME     =    389225.0751
                                                    Density    =         0.9558
 Ewald error estimate:   0.2401E-04
 ------------------------------------------------------------------------------


 NSTEP =     7800   TIME(PS) =      35.600  TEMP(K) =   298.86  PRESS =   -67.3
 Etot   =    -91570.8024  EKtot   =     22200.7045  EPtot      =   -113771.5069
 BOND   =       318.0156  ANGLE   =       857.9117  DIHED      =      1260.8374
 1-4 NB =       372.2486  1-4 EEL =      5342.1015  VDWAALS    =     15607.4692
 EELEC  =   -137530.0908  EHBOND  =         0.0000  RESTRAINT  =         0.0000
 EKCMT  =     10532.8507  VIRIAL  =     11097.5432  VOLUME     =    388682.8943
                                                    Density    =         0.9572
 Ewald error estimate:   0.7217E-04
 ------------------------------------------------------------------------------


 NSTEP =     7900   TIME(PS) =      35.800  TEMP(K) =   302.43  PRESS =  -153.5
 Etot   =    -91571.9745  EKtot   =     22466.3732  EPtot      =   -114038.3477
 BOND   =       317.1290  ANGLE   =       907.5944  DIHED      =      1246.7152
 1-4 NB =       373.0310  1-4 EEL =      5334.0785  VDWAALS    =     15630.5692
 EELEC  =   -137847.4650  EHBOND  =         0.0000  RESTRAINT  =         0.0000
 EKCMT  =     10580.4074  VIRIAL  =     11866.6059  VOLUME     =    388006.2847
                                                    Density    =         0.9588
 Ewald error estimate:   0.2231E-04
 ------------------------------------------------------------------------------


 NSTEP =     8000   TIME(PS) =      36.000  TEMP(K) =   297.40  PRESS =    37.0
 Etot   =    -91807.5249  EKtot   =     22092.3767  EPtot      =   -113899.9016
 BOND   =       306.0106  ANGLE   =       888.7113  DIHED      =      1263.4881
 1-4 NB =       377.4395  1-4 EEL =      5322.2566  VDWAALS    =     15763.9115
 EELEC  =   -137821.7192  EHBOND  =         0.0000  RESTRAINT  =         0.0000
 EKCMT  =     10518.7494  VIRIAL  =     10208.7403  VOLUME     =    387713.1192
                                                    Density    =         0.9596
 Ewald error estimate:   0.6598E-05
 ------------------------------------------------------------------------------


      A V E R A G E S   O V E R    8000 S T E P S


 NSTEP =     8000   TIME(PS) =      36.000  TEMP(K) =   300.37  PRESS =  -249.0
 Etot   =    -90672.2911  EKtot   =     22313.1610  EPtot      =   -112985.4521
 BOND   =       321.7373  ANGLE   =       884.7545  DIHED      =      1253.3173
 1-4 NB =       376.0416  1-4 EEL =      5345.0276  VDWAALS    =     15657.5835
 EELEC  =   -136823.9138  EHBOND  =         0.0000  RESTRAINT  =         0.0000
 EKCMT  =     10573.9118  VIRIAL  =     12855.9066  VOLUME     =    417487.7000
                                                    Density    =         0.8934
 Ewald error estimate:   0.5213E-04
 ------------------------------------------------------------------------------


      R M S  F L U C T U A T I O N S


 NSTEP =     8000   TIME(PS) =      36.000  TEMP(K) =     1.53  PRESS =   118.2
 Etot   =       684.7831  EKtot   =       113.8978  EPtot      =       706.6179
 BOND   =        14.5198  ANGLE   =        21.6964  DIHED      =        13.6063
 1-4 NB =         7.7417  1-4 EEL =        20.7954  VDWAALS    =       141.2037
 EELEC  =       733.0292  EHBOND  =         0.0000  RESTRAINT  =         0.0000
 EKCMT  =        80.5267  VIRIAL  =      1153.4125  VOLUME     =     21245.6218
                                                    Density    =         0.0446
 Ewald error estimate:   0.3811E-04
 ------------------------------------------------------------------------------


--------------------------------------------------------------------------------
   5.  TIMINGS
--------------------------------------------------------------------------------

|                Build the list           391.53 (99.40% of List )
|                Other                      2.38 ( 0.60% of List )
|             List time                393.91 ( 9.70% of Nonbo)
|                   Short_ene time          2849.95 (99.11% of Direc)
|                   Other                     25.48 ( 0.89% of Direc)
|                Direct Ewald time       2875.43 (78.42% of Ewald)
|                Adjust Ewald time         26.72 ( 0.73% of Ewald)
|                   Fill Bspline coeffs       20.96 ( 2.76% of Recip)
|                   Fill charge grid         103.14 (13.57% of Recip)
|                   Scalar sum               156.26 (20.56% of Recip)
|                   Grad sum                 204.89 (26.96% of Recip)
|                   FFT time                 274.56 (36.13% of Recip)
|                   Other                      0.04 ( 0.01% of Recip)
|                Recip Ewald time         759.86 (20.72% of Ewald)
|                Force Adjust               0.69 ( 0.02% of Ewald)
|                Virial junk                1.77 ( 0.05% of Ewald)
|                Other                      2.31 ( 0.06% of Ewald)
|             Ewald time              3666.81 (90.30% of Nonbo)
|          Nonbond force           4060.74 (99.45% of Force)
|          Bond/Angle/Dihedral       21.05 ( 0.52% of Force)
|          Other                      1.28 ( 0.03% of Force)
|       Force time              4083.06 (96.42% of Runmd)
|       Shake time                27.55 ( 0.65% of Runmd)
|       Verlet update time       117.86 ( 2.78% of Runmd)
|       Ekcmr time                 2.88 ( 0.07% of Runmd)
|       Other                      3.27 ( 0.08% of Runmd)
|    Runmd Time              4234.62 (100.0% of Total)
|    Other                      0.28 ( 0.01% of Total)
| Total time              4234.93 (100.0% of ALL  )

| Number of list builds   :        891

| Highest rstack allocated:    2108268
| Highest istack allocated:      36962

| Final Performance Info:
| -----------------------------------------------------
| Average timings for all steps:
|     Elapsed(s) =    4234.62 Per Step(ms) =     529.33
|         ns/day =       0.33   seconds/ns =  264664.05
| -----------------------------------------------------

|           Job began  at 20:17:18.753  on 10/09/2019
|           Setup done at 20:17:19.062  on 10/09/2019
|           Run   done at 21:27:53.686  on 10/09/2019
|     wallclock() was called  369875 times
